Arguments: 
  /usr/local/Cellar/node/9.4.0/bin/node /usr/local/Cellar/yarn/1.3.2/libexec/bin/yarn.js add @type/csv-stringify

PATH: 
  /usr/local/opt/postgresql@9.4/bin:/Users/bnelso71/.rvm/gems/ruby-2.5.0/bin:/Users/bnelso71/.rvm/gems/ruby-2.5.0@global/bin:/Users/bnelso71/.rvm/rubies/ruby-2.5.0/bin:/Users/bnelso71/.rbenv/shims:/usr/local/bin:/usr/local/sbin:~/bin:/usr/local/bin:/usr/bin:/bin:/usr/sbin:/sbin:/usr/local/sbin:/usr/local/munki:/opt/puppetlabs/bin:/Users/bnelso71/.rvm/bin:/usr/local/Cellar/mysql/5.6.27/bin

Yarn version: 
  1.3.2

Node version: 
  9.4.0

Platform: 
  darwin x64

npm manifest: 
  {
    "name": "cps-artlook-demographics",
    "version": "1.0.0",
    "main": "index.js",
    "author": "Becca Nelson",
    "license": "MIT",
    "dependencies": {
      "csv-stringify": "^2.0.4"
    },
    "devDependencies": {
      "@types/csv-parse": "^1.1.11",
      "csv-parse": "^2.0.4",
      "typescript": "^2.7.2"
    }
  }

yarn manifest: 
  No manifest

Lockfile: 
  # THIS IS AN AUTOGENERATED FILE. DO NOT EDIT THIS FILE DIRECTLY.
  # yarn lockfile v1
  
  
  "@types/csv-parse@^1.1.11":
    version "1.1.11"
    resolved "https://registry.yarnpkg.com/@types/csv-parse/-/csv-parse-1.1.11.tgz#47d68b5579e66aa0d55af9dbae76f1d2ff836f1d"
    dependencies:
      "@types/node" "*"
  
  "@types/node@*":
    version "9.4.6"
    resolved "https://registry.yarnpkg.com/@types/node/-/node-9.4.6.tgz#d8176d864ee48753d053783e4e463aec86b8d82e"
  
  csv-parse@^2.0.4:
    version "2.0.4"
    resolved "https://registry.yarnpkg.com/csv-parse/-/csv-parse-2.0.4.tgz#5b469596766ee07f2cbd71aced7ae76b3c73c901"
  
  csv-stringify@^2.0.4:
    version "2.0.4"
    resolved "https://registry.yarnpkg.com/csv-stringify/-/csv-stringify-2.0.4.tgz#9ace220df98ffa7ca91314ac77ff8cba0a08c863"
    dependencies:
      lodash.get "~4.4.2"
  
  lodash.get@~4.4.2:
    version "4.4.2"
    resolved "https://registry.yarnpkg.com/lodash.get/-/lodash.get-4.4.2.tgz#2d177f652fa31e939b4438d5341499dfa3825e99"
  
  typescript@^2.7.2:
    version "2.7.2"
    resolved "https://registry.yarnpkg.com/typescript/-/typescript-2.7.2.tgz#2d615a1ef4aee4f574425cdff7026edf81919836"

Trace: 
  Error: https://registry.yarnpkg.com/@type%2fcsv-stringify: Not found
      at Request.params.callback [as _callback] (/usr/local/Cellar/yarn/1.3.2/libexec/lib/cli.js:62098:18)
      at Request.self.callback (/usr/local/Cellar/yarn/1.3.2/libexec/lib/cli.js:123085:22)
      at Request.emit (events.js:160:13)
      at Request.<anonymous> (/usr/local/Cellar/yarn/1.3.2/libexec/lib/cli.js:124068:10)
      at Request.emit (events.js:160:13)
      at IncomingMessage.<anonymous> (/usr/local/Cellar/yarn/1.3.2/libexec/lib/cli.js:123988:12)
      at Object.onceWrapper (events.js:255:19)
      at IncomingMessage.emit (events.js:165:20)
      at endReadableNT (_stream_readable.js:1101:12)
      at process._tickCallback (internal/process/next_tick.js:152:19)
